<?xml version="1.0" encoding="UTF-8"?>
<!-- Generated by org.testng.reporters.JUnitXMLReporter -->
<testsuite ignored="0" hostname="CarnotTech" failures="1" tests="1" name="OneClick Test" time="14.317" errors="0" timestamp="2024-02-29T17:12:24 IST">
  <testcase classname="com.OneClick.tests.OneClickCarTest" name="verifyListOfCars" time="5.742">
    <failure type="java.lang.NullPointerException" message="Cannot invoke &amp;quot;java.util.List.size()&amp;quot; because &amp;quot;list&amp;quot; is null">
      <![CDATA[java.lang.NullPointerException: Cannot invoke "java.util.List.size()" because "list" is null
at com.OneClick.core.SeleniumUtils.getElement(SeleniumUtils.java:46)
at com.OneClick.core.SeleniumUtils.clickOnElement(SeleniumUtils.java:75)
at com.OneClick.pages.OneClickCar.listOfCars(OneClickCar.java:19)
at com.OneClick.tests.OneClickCarTest.verifyListOfCars(OneClickCarTest.java:25)
at java.base/java.util.ArrayList.forEach(ArrayList.java:1511)
... Removed 27 stack frames]]>
    </failure>
  </testcase> <!-- verifyListOfCars -->
</testsuite> <!-- OneClick Test -->
