<?xml version="1.0" encoding="UTF-8"?>
<testng-results ignored="0" total="1" passed="0" failed="1" skipped="0">
  <reporter-output>
  </reporter-output>
  <suite started-at="2024-02-29T17:12:09 IST" name="OneClick Suite" finished-at="2024-02-29T17:12:24 IST" duration-ms="14317">
    <groups>
      <group name="smoke">
        <method signature="OneClickCarTest.verifyListOfCars()[pri:1, instance:com.OneClick.tests.OneClickCarTest@36916eb0]" name="verifyListOfCars" class="com.OneClick.tests.OneClickCarTest"/>
      </group> <!-- smoke -->
    </groups>
    <test started-at="2024-02-29T17:12:09 IST" name="OneClick Test" finished-at="2024-02-29T17:12:24 IST" duration-ms="14317">
      <class name="com.OneClick.tests.OneClickCarTest">
        <test-method is-config="true" signature="launchBrowser(java.lang.String)[pri:0, instance:com.OneClick.tests.OneClickCarTest@36916eb0]" started-at="2024-02-29T17:12:09 IST" name="launchBrowser" finished-at="2024-02-29T17:12:18 IST" duration-ms="8493" status="PASS">
          <params>
            <param index="0">
              <value>
                <![CDATA[firefox]]>
              </value>
            </param>
          </params>
          <reporter-output>
          </reporter-output>
        </test-method> <!-- launchBrowser -->
        <test-method signature="verifyListOfCars()[pri:1, instance:com.OneClick.tests.OneClickCarTest@36916eb0]" started-at="2024-02-29T17:12:18 IST" name="verifyListOfCars" description="Verify the List of Cars " finished-at="2024-02-29T17:12:24 IST" duration-ms="5742" status="FAIL">
          <exception class="java.lang.NullPointerException">
            <message>
              <![CDATA[Cannot invoke "java.util.List.size()" because "list" is null]]>
            </message>
            <full-stacktrace>
              <![CDATA[java.lang.NullPointerException: Cannot invoke "java.util.List.size()" because "list" is null
at com.OneClick.core.SeleniumUtils.getElement(SeleniumUtils.java:46)
at com.OneClick.core.SeleniumUtils.clickOnElement(SeleniumUtils.java:75)
at com.OneClick.pages.OneClickCar.listOfCars(OneClickCar.java:19)
at com.OneClick.tests.OneClickCarTest.verifyListOfCars(OneClickCarTest.java:25)
at java.base/jdk.internal.reflect.NativeMethodAccessorImpl.invoke0(Native Method)
at java.base/jdk.internal.reflect.NativeMethodAccessorImpl.invoke(NativeMethodAccessorImpl.java:77)
at java.base/jdk.internal.reflect.DelegatingMethodAccessorImpl.invoke(DelegatingMethodAccessorImpl.java:43)
at java.base/java.lang.reflect.Method.invoke(Method.java:568)
at org.testng.internal.invokers.MethodInvocationHelper.invokeMethod(MethodInvocationHelper.java:139)
at org.testng.internal.invokers.TestInvoker.invokeMethod(TestInvoker.java:664)
at org.testng.internal.invokers.TestInvoker.invokeTestMethod(TestInvoker.java:227)
at org.testng.internal.invokers.MethodRunner.runInSequence(MethodRunner.java:50)
at org.testng.internal.invokers.TestInvoker$MethodInvocationAgent.invoke(TestInvoker.java:957)
at org.testng.internal.invokers.TestInvoker.invokeTestMethods(TestInvoker.java:200)
at org.testng.internal.invokers.TestMethodWorker.invokeTestMethods(TestMethodWorker.java:148)
at org.testng.internal.invokers.TestMethodWorker.run(TestMethodWorker.java:128)
at java.base/java.util.ArrayList.forEach(ArrayList.java:1511)
at org.testng.TestRunner.privateRun(TestRunner.java:848)
at org.testng.TestRunner.run(TestRunner.java:621)
at org.testng.SuiteRunner.runTest(SuiteRunner.java:443)
at org.testng.SuiteRunner.runSequentially(SuiteRunner.java:437)
at org.testng.SuiteRunner.privateRun(SuiteRunner.java:397)
at org.testng.SuiteRunner.run(SuiteRunner.java:336)
at org.testng.SuiteRunnerWorker.runSuite(SuiteRunnerWorker.java:52)
at org.testng.SuiteRunnerWorker.run(SuiteRunnerWorker.java:95)
at org.testng.TestNG.runSuitesSequentially(TestNG.java:1280)
at org.testng.TestNG.runSuitesLocally(TestNG.java:1200)
at org.testng.TestNG.runSuites(TestNG.java:1114)
at org.testng.TestNG.run(TestNG.java:1082)
at org.testng.remote.AbstractRemoteTestNG.run(AbstractRemoteTestNG.java:115)
at org.testng.remote.RemoteTestNG.initAndRun(RemoteTestNG.java:251)
at org.testng.remote.RemoteTestNG.main(RemoteTestNG.java:77)
]]>
            </full-stacktrace>
          </exception> <!-- java.lang.NullPointerException -->
          <reporter-output>
          </reporter-output>
        </test-method> <!-- verifyListOfCars -->
      </class> <!-- com.OneClick.tests.OneClickCarTest -->
    </test> <!-- OneClick Test -->
  </suite> <!-- OneClick Suite -->
</testng-results>
